<?xml version="1.0" encoding="UTF-8"?>
<testng-results ignored="0" total="1" passed="1" failed="0" skipped="0">
  <reporter-output>
  </reporter-output>
  <suite started-at="2026-02-08T16:13:06 EST" name="Default suite" finished-at="2026-02-08T16:13:11 EST" duration-ms="4316">
    <groups>
    </groups>
    <test started-at="2026-02-08T16:13:06 EST" name="Default test" finished-at="2026-02-08T16:13:11 EST" duration-ms="4316">
      <class name="TestClass.WebOrderTest">
        <test-method is-config="true" signature="setUp()[pri:0, instance:TestClass.WebOrderTest@119020fb]" started-at="2026-02-08T16:13:06 EST" name="setUp" finished-at="2026-02-08T16:13:08 EST" duration-ms="1876" status="PASS">
          <reporter-output>
          </reporter-output>
        </test-method> <!-- setUp -->
        <test-method signature="test()[pri:0, instance:TestClass.WebOrderTest@119020fb]" started-at="2026-02-08T16:13:08 EST" name="test" finished-at="2026-02-08T16:13:10 EST" duration-ms="2215" status="PASS">
          <reporter-output>
          </reporter-output>
        </test-method> <!-- test -->
        <test-method is-config="true" signature="tearDown()[pri:0, instance:TestClass.WebOrderTest@119020fb]" started-at="2026-02-08T16:13:10 EST" name="tearDown" finished-at="2026-02-08T16:13:11 EST" duration-ms="189" status="PASS">
          <reporter-output>
          </reporter-output>
        </test-method> <!-- tearDown -->
      </class> <!-- TestClass.WebOrderTest -->
    </test> <!-- Default test -->
  </suite> <!-- Default suite -->
</testng-results>
